<?xml version="1.0" encoding="UTF-8"?>
<testsuite xmlns:xsi="http://www.w3.org/2001/XMLSchema-instance" xsi:noNamespaceSchemaLocation="https://maven.apache.org/surefire/maven-surefire-plugin/xsd/surefire-test-report-3.0.xsd" version="3.0" name="com.example.propertyview.controller.HotelControllerIT" time="28.58" tests="4" errors="0" skipped="0" failures="0">
  <properties>
[...]
</properties>
  <testcase name="histogramCity_returnsMap" classname="com.example.propertyview.controller.HotelControllerIT" time="2.602">
    <system-out><![CDATA[14:02:12.303 [main] INFO org.springframework.test.context.support.AnnotationConfigContextLoaderUtils -- Could not detect default configuration classes for test class [com.example.propertyview.controller.HotelControllerIT]: HotelControllerIT does not declare any static, non-private, non-final, nested classes annotated with @Configuration.
14:02:12.796 [main] INFO org.springframework.boot.test.context.SpringBootTestContextBootstrapper -- Found @SpringBootConfiguration com.example.propertyview.PropertyViewApplication for test class com.example.propertyview.controller.HotelControllerIT

  .   ____          _            __ _ _
 /\\ / ___'_ __ _ _(_)_ __  __ _ \ \ \ \
( ( )\___ | '_ | '_| | '_ \/ _` | \ \ \ \
 \\/  ___)| |_)| | | | | || (_| |  ) ) ) )
  '  |____| .__|_| |_|_| |_\__, | / / / /
 =========|_|==============|___/=/_/_/_/
 :: Spring Boot ::                (v3.2.5)

2026-04-09T14:02:15.068+02:00  INFO 17280 --- [property-view] [           main] c.e.p.controller.HotelControllerIT       : Starting HotelControllerIT using Java 22.0.1 with PID 17280 (started by marko in C:\Users\marko\OneDrive\Desktop\Test_Pg)
2026-04-09T14:02:15.070+02:00 DEBUG 17280 --- [property-view] [           main] c.e.p.controller.HotelControllerIT       : Running with Spring Boot v3.2.5, Spring v6.1.6
2026-04-09T14:02:15.072+02:00  INFO 17280 --- [property-view] [           main] c.e.p.controller.HotelControllerIT       : No active profile set, falling back to 1 default profile: "default"
2026-04-09T14:02:18.259+02:00  INFO 17280 --- [property-view] [           main] .s.d.r.c.RepositoryConfigurationDelegate : Bootstrapping Spring Data JPA repositories in DEFAULT mode.
2026-04-09T14:02:18.360+02:00  INFO 17280 --- [property-view] [           main] .s.d.r.c.RepositoryConfigurationDelegate : Finished Spring Data repository scanning in 83 ms. Found 1 JPA repository interface.
2026-04-09T14:02:19.785+02:00  INFO 17280 --- [property-view] [           main] com.zaxxer.hikari.HikariDataSource       : HikariPool-1 - Starting...
2026-04-09T14:02:20.290+02:00  INFO 17280 --- [property-view] [           main] com.zaxxer.hikari.pool.HikariPool        : HikariPool-1 - Added connection conn0: url=jdbc:h2:mem:propertyview user=SA
2026-04-09T14:02:20.298+02:00  INFO 17280 --- [property-view] [           main] com.zaxxer.hikari.HikariDataSource       : HikariPool-1 - Start completed.
2026-04-09T14:02:20.468+02:00  INFO 17280 --- [property-view] [           main] liquibase.database                       : Set default schema name to PUBLIC
2026-04-09T14:02:21.612+02:00  INFO 17280 --- [property-view] [           main] liquibase.changelog                      : Creating database history table with name: PUBLIC.DATABASECHANGELOG
2026-04-09T14:02:21.829+02:00  INFO 17280 --- [property-view] [           main] liquibase.changelog                      : Reading from PUBLIC.DATABASECHANGELOG
2026-04-09T14:02:22.020+02:00  INFO 17280 --- [property-view] [           main] liquibase.lockservice                    : Successfully acquired change log lock
2026-04-09T14:02:22.022+02:00  INFO 17280 --- [property-view] [           main] liquibase.command                        : Using deploymentId: 5736142021
2026-04-09T14:02:22.023+02:00  INFO 17280 --- [property-view] [           main] liquibase.changelog                      : Reading from PUBLIC.DATABASECHANGELOG
Running Changeset: db/changelog/db.changelog-master.yaml::1-create-hotel-schema::ai
2026-04-09T14:02:22.192+02:00  INFO 17280 --- [property-view] [           main] liquibase.changelog                      : Table hotel created
2026-04-09T14:02:22.202+02:00  INFO 17280 --- [property-view] [           main] liquibase.changelog                      : Table hotel_amenities created
2026-04-09T14:02:22.220+02:00  INFO 17280 --- [property-view] [           main] liquibase.changelog                      : Foreign key constraint added to hotel_amenities (hotel_id)
2026-04-09T14:02:22.221+02:00  INFO 17280 --- [property-view] [           main] liquibase.changelog                      : ChangeSet db/changelog/db.changelog-master.yaml::1-create-hotel-schema::ai ran successfully in 55ms
2026-04-09T14:02:22.243+02:00  INFO 17280 --- [property-view] [           main] liquibase.util                           : UPDATE SUMMARY
2026-04-09T14:02:22.243+02:00  INFO 17280 --- [property-view] [           main] liquibase.util                           : Run:                          1
2026-04-09T14:02:22.244+02:00  INFO 17280 --- [property-view] [           main] liquibase.util                           : Previously run:               0
2026-04-09T14:02:22.246+02:00  INFO 17280 --- [property-view] [           main] liquibase.util                           : Filtered out:                 0
2026-04-09T14:02:22.247+02:00  INFO 17280 --- [property-view] [           main] liquibase.util                           : -------------------------------
2026-04-09T14:02:22.248+02:00  INFO 17280 --- [property-view] [           main] liquibase.util                           : Total change sets:            1
2026-04-09T14:02:22.250+02:00  INFO 17280 --- [property-view] [           main] liquibase.util                           : Update summary generated
2026-04-09T14:02:22.267+02:00  INFO 17280 --- [property-view] [           main] liquibase.command                        : Update command completed successfully.
Liquibase: Update has been successful. Rows affected: 1
2026-04-09T14:02:22.271+02:00  INFO 17280 --- [property-view] [           main] liquibase.lockservice                    : Successfully released change log lock
2026-04-09T14:02:22.272+02:00  INFO 17280 --- [property-view] [           main] liquibase.command                        : Command execution complete
2026-04-09T14:02:22.651+02:00  INFO 17280 --- [property-view] [           main] o.hibernate.jpa.internal.util.LogHelper  : HHH000204: Processing PersistenceUnitInfo [name: default]
2026-04-09T14:02:22.922+02:00  INFO 17280 --- [property-view] [           main] org.hibernate.Version                    : HHH000412: Hibernate ORM core version 6.4.4.Final
2026-04-09T14:02:23.018+02:00  INFO 17280 --- [property-view] [           main] o.h.c.internal.RegionFactoryInitiator    : HHH000026: Second-level cache disabled
2026-04-09T14:02:24.014+02:00  INFO 17280 --- [property-view] [           main] o.s.o.j.p.SpringPersistenceUnitInfo      : No LoadTimeWeaver setup: ignoring JPA class transformer
2026-04-09T14:02:25.779+02:00  INFO 17280 --- [property-view] [           main] o.h.e.t.j.p.i.JtaPlatformInitiator       : HHH000489: No JTA platform available (set 'hibernate.transaction.jta.platform' to enable JTA platform integration)
2026-04-09T14:02:25.785+02:00  INFO 17280 --- [property-view] [           main] j.LocalContainerEntityManagerFactoryBean : Initialized JPA EntityManagerFactory for persistence unit 'default'
2026-04-09T14:02:26.506+02:00  INFO 17280 --- [property-view] [           main] o.s.d.j.r.query.QueryEnhancerFactory     : Hibernate is in classpath; If applicable, HQL parser will be used.
2026-04-09T14:02:33.865+02:00  WARN 17280 --- [property-view] [           main] JpaBaseConfiguration$JpaWebConfiguration : spring.jpa.open-in-view is enabled by default. Therefore, database queries may be performed during view rendering. Explicitly configure spring.jpa.open-in-view to disable this warning
2026-04-09T14:02:36.544+02:00  INFO 17280 --- [property-view] [           main] o.s.b.a.h2.H2ConsoleAutoConfiguration    : H2 console available at '/h2-console'. Database available at 'jdbc:h2:mem:propertyview'
2026-04-09T14:02:37.023+02:00  INFO 17280 --- [property-view] [           main] o.s.b.t.m.w.SpringBootMockServletContext : Initializing Spring TestDispatcherServlet ''
2026-04-09T14:02:37.023+02:00  INFO 17280 --- [property-view] [           main] o.s.t.web.servlet.TestDispatcherServlet  : Initializing Servlet ''
2026-04-09T14:02:37.032+02:00  INFO 17280 --- [property-view] [           main] o.s.t.web.servlet.TestDispatcherServlet  : Completed initialization in 7 ms
2026-04-09T14:02:37.127+02:00  INFO 17280 --- [property-view] [           main] c.e.p.controller.HotelControllerIT       : Started HotelControllerIT in 23.576 seconds (process running for 27.116)
Hibernate: 
    select
        h1_0.id,
        h1_0.address_city,
        h1_0.address_country,
        h1_0.address_house_number,
        h1_0.address_post_code,
        h1_0.address_street,
        h1_0.arrival_check_in,
        h1_0.arrival_check_out,
        h1_0.brand,
        h1_0.contacts_email,
        h1_0.contacts_phone,
        h1_0.description,
        h1_0.name 
    from
        hotel h1_0
Hibernate: 
    insert 
    into
        hotel
        (address_city, address_country, address_house_number, address_post_code, address_street, arrival_check_in, arrival_check_out, brand, contacts_email, contacts_phone, description, name, id) 
    values
        (?, ?, ?, ?, ?, ?, ?, ?, ?, ?, ?, ?, default)
Hibernate: 
    insert 
    into
        hotel_amenities
        (hotel_id, amenity) 
    values
        (?, ?)
Hibernate: 
    insert 
    into
        hotel_amenities
        (hotel_id, amenity) 
    values
        (?, ?)
Hibernate: 
    select
        h1_0.address_city,
        count(h1_0.id) 
    from
        hotel h1_0 
    where
        h1_0.address_city is not null 
    group by
        h1_0.address_city
]]></system-out>
    <system-err><![CDATA[WARNING: A Java agent has been loaded dynamically (C:\Users\marko\.m2\repository\net\bytebuddy\byte-buddy-agent\1.14.13\byte-buddy-agent-1.14.13.jar)
WARNING: If a serviceability tool is in use, please run with -XX:+EnableDynamicAgentLoading to hide this warning
WARNING: If a serviceability tool is not in use, please run with -Djdk.instrument.traceUsage for more information
WARNING: Dynamic loading of agents will be disallowed by default in a future release
]]></system-err>
  </testcase>
  <testcase name="searchByCity_returnsResult" classname="com.example.propertyview.controller.HotelControllerIT" time="0.205">
    <system-out><![CDATA[Hibernate: 
    select
        h1_0.id,
        h1_0.address_city,
        h1_0.address_country,
        h1_0.address_house_number,
        h1_0.address_post_code,
        h1_0.address_street,
        h1_0.arrival_check_in,
        h1_0.arrival_check_out,
        h1_0.brand,
        h1_0.contacts_email,
        h1_0.contacts_phone,
        h1_0.description,
        h1_0.name 
    from
        hotel h1_0
Hibernate: 
    select
        a1_0.hotel_id,
        a1_0.amenity 
    from
        hotel_amenities a1_0 
    where
        a1_0.hotel_id=?
Hibernate: 
    delete 
    from
        hotel_amenities 
    where
        hotel_id=?
Hibernate: 
    delete 
    from
        hotel 
    where
        id=?
Hibernate: 
    insert 
    into
        hotel
        (address_city, address_country, address_house_number, address_post_code, address_street, arrival_check_in, arrival_check_out, brand, contacts_email, contacts_phone, description, name, id) 
    values
        (?, ?, ?, ?, ?, ?, ?, ?, ?, ?, ?, ?, default)
Hibernate: 
    insert 
    into
        hotel_amenities
        (hotel_id, amenity) 
    values
        (?, ?)
Hibernate: 
    insert 
    into
        hotel_amenities
        (hotel_id, amenity) 
    values
        (?, ?)
Hibernate: 
    select
        h1_0.id,
        h1_0.address_city,
        h1_0.address_country,
        h1_0.address_house_number,
        h1_0.address_post_code,
        h1_0.address_street,
        h1_0.arrival_check_in,
        h1_0.arrival_check_out,
        h1_0.brand,
        h1_0.contacts_email,
        h1_0.contacts_phone,
        h1_0.description,
        h1_0.name 
    from
        hotel h1_0 
    where
        lower(h1_0.address_city) like ? escape ''
Hibernate: 
    select
        a1_0.hotel_id,
        a1_0.amenity 
    from
        hotel_amenities a1_0 
    where
        a1_0.hotel_id=?
]]></system-out>
  </testcase>
  <testcase name="updateAmenities_replacesAmenities" classname="com.example.propertyview.controller.HotelControllerIT" time="0.151">
    <system-out><![CDATA[Hibernate: 
    select
        h1_0.id,
        h1_0.address_city,
        h1_0.address_country,
        h1_0.address_house_number,
        h1_0.address_post_code,
        h1_0.address_street,
        h1_0.arrival_check_in,
        h1_0.arrival_check_out,
        h1_0.brand,
        h1_0.contacts_email,
        h1_0.contacts_phone,
        h1_0.description,
        h1_0.name 
    from
        hotel h1_0
Hibernate: 
    select
        a1_0.hotel_id,
        a1_0.amenity 
    from
        hotel_amenities a1_0 
    where
        a1_0.hotel_id=?
Hibernate: 
    delete 
    from
        hotel_amenities 
    where
        hotel_id=?
Hibernate: 
    delete 
    from
        hotel 
    where
        id=?
Hibernate: 
    insert 
    into
        hotel
        (address_city, address_country, address_house_number, address_post_code, address_street, arrival_check_in, arrival_check_out, brand, contacts_email, contacts_phone, description, name, id) 
    values
        (?, ?, ?, ?, ?, ?, ?, ?, ?, ?, ?, ?, default)
Hibernate: 
    insert 
    into
        hotel_amenities
        (hotel_id, amenity) 
    values
        (?, ?)
Hibernate: 
    insert 
    into
        hotel_amenities
        (hotel_id, amenity) 
    values
        (?, ?)
Hibernate: 
    select
        h1_0.id,
        h1_0.address_city,
        h1_0.address_country,
        h1_0.address_house_number,
        h1_0.address_post_code,
        h1_0.address_street,
        h1_0.arrival_check_in,
        h1_0.arrival_check_out,
        h1_0.brand,
        h1_0.contacts_email,
        h1_0.contacts_phone,
        h1_0.description,
        h1_0.name 
    from
        hotel h1_0
Hibernate: 
    select
        a1_0.hotel_id,
        a1_0.amenity 
    from
        hotel_amenities a1_0 
    where
        a1_0.hotel_id=?
Hibernate: 
    select
        h1_0.id,
        h1_0.address_city,
        h1_0.address_country,
        h1_0.address_house_number,
        h1_0.address_post_code,
        h1_0.address_street,
        a1_0.hotel_id,
        a1_0.amenity,
        h1_0.arrival_check_in,
        h1_0.arrival_check_out,
        h1_0.brand,
        h1_0.contacts_email,
        h1_0.contacts_phone,
        h1_0.description,
        h1_0.name 
    from
        hotel h1_0 
    left join
        hotel_amenities a1_0 
            on h1_0.id=a1_0.hotel_id 
    where
        h1_0.id=?
Hibernate: 
    delete 
    from
        hotel_amenities 
    where
        hotel_id=?
Hibernate: 
    insert 
    into
        hotel_amenities
        (hotel_id, amenity) 
    values
        (?, ?)
Hibernate: 
    insert 
    into
        hotel_amenities
        (hotel_id, amenity) 
    values
        (?, ?)
]]></system-out>
  </testcase>
  <testcase name="getHotelById_returnsDetail" classname="com.example.propertyview.controller.HotelControllerIT" time="0.094">
    <system-out><![CDATA[Hibernate: 
    select
        h1_0.id,
        h1_0.address_city,
        h1_0.address_country,
        h1_0.address_house_number,
        h1_0.address_post_code,
        h1_0.address_street,
        h1_0.arrival_check_in,
        h1_0.arrival_check_out,
        h1_0.brand,
        h1_0.contacts_email,
        h1_0.contacts_phone,
        h1_0.description,
        h1_0.name 
    from
        hotel h1_0
Hibernate: 
    select
        a1_0.hotel_id,
        a1_0.amenity 
    from
        hotel_amenities a1_0 
    where
        a1_0.hotel_id=?
Hibernate: 
    delete 
    from
        hotel_amenities 
    where
        hotel_id=?
Hibernate: 
    delete 
    from
        hotel 
    where
        id=?
Hibernate: 
    insert 
    into
        hotel
        (address_city, address_country, address_house_number, address_post_code, address_street, arrival_check_in, arrival_check_out, brand, contacts_email, contacts_phone, description, name, id) 
    values
        (?, ?, ?, ?, ?, ?, ?, ?, ?, ?, ?, ?, default)
Hibernate: 
    insert 
    into
        hotel_amenities
        (hotel_id, amenity) 
    values
        (?, ?)
Hibernate: 
    insert 
    into
        hotel_amenities
        (hotel_id, amenity) 
    values
        (?, ?)
Hibernate: 
    select
        h1_0.id,
        h1_0.address_city,
        h1_0.address_country,
        h1_0.address_house_number,
        h1_0.address_post_code,
        h1_0.address_street,
        h1_0.arrival_check_in,
        h1_0.arrival_check_out,
        h1_0.brand,
        h1_0.contacts_email,
        h1_0.contacts_phone,
        h1_0.description,
        h1_0.name 
    from
        hotel h1_0
Hibernate: 
    select
        a1_0.hotel_id,
        a1_0.amenity 
    from
        hotel_amenities a1_0 
    where
        a1_0.hotel_id=?
Hibernate: 
    select
        h1_0.id,
        h1_0.address_city,
        h1_0.address_country,
        h1_0.address_house_number,
        h1_0.address_post_code,
        h1_0.address_street,
        a1_0.hotel_id,
        a1_0.amenity,
        h1_0.arrival_check_in,
        h1_0.arrival_check_out,
        h1_0.brand,
        h1_0.contacts_email,
        h1_0.contacts_phone,
        h1_0.description,
        h1_0.name 
    from
        hotel h1_0 
    left join
        hotel_amenities a1_0 
            on h1_0.id=a1_0.hotel_id 
    where
        h1_0.id=?
]]></system-out>
  </testcase>
</testsuite>